# JRE version: Java(TM) SE Runtime Environment (8.0_121-b13) (build 1.8.0_121-b13)
# Java VM: Java HotSpot(TM) 64-Bit Server VM (25.121-b13 mixed mode linux-amd64 compressed oops)
Heap:
 PSYoungGen      total 441856K, used 42925K [0x000000076ab00000, 0x000000078a200000, 0x00000007c0000000)
  eden space 377344K, 0% used [0x000000076ab00000,0x000000076ab00000,0x0000000781b80000)
  from space 64512K, 66% used [0x0000000781b80000,0x000000078456b5a0,0x0000000785a80000)
  to   space 55808K, 0% used [0x0000000785a80000,0x0000000785a80000,0x0000000789100000)
 ParOldGen       total 148480K, used 120176K [0x00000006c0000000, 0x00000006c9100000, 0x000000076ab00000)
  object space 148480K, 80% used [0x00000006c0000000,0x00000006c755c208,0x00000006c9100000)
 Metaspace       used 6691K, capacity 7320K, committed 7680K, reserved 1056768K
  class space    used 635K, capacity 656K, committed 768K, reserved 1048576K
GC Heap History (10 events):
Event: 1.750 GC heap after
Heap after GC invocations=7 (full 0):
 PSYoungGen      total 144384K, used 19438K [0x000000076ab00000, 0x000000077d900000, 0x00000007c0000000)
  eden space 124928K, 0% used [0x000000076ab00000,0x000000076ab00000,0x0000000772500000)
  from space 19456K, 99% used [0x0000000772500000,0x00000007737fbb60,0x0000000773800000)
  to   space 29696K, 0% used [0x000000077bc00000,0x000000077bc00000,0x000000077d900000)
 ParOldGen       total 84992K, used 28720K [0x00000006c0000000, 0x00000006c5300000, 0x000000076ab00000)
  object space 84992K, 33% used [0x00000006c0000000,0x00000006c1c0c0f8,0x00000006c5300000)
 Metaspace       used 6274K, capacity 7128K, committed 7424K, reserved 1056768K
  class space    used 613K, capacity 656K, committed 768K, reserved 1048576K
}
Event: 2.740 GC heap before
{Heap before GC invocations=8 (full 0):
 PSYoungGen      total 144384K, used 144366K [0x000000076ab00000, 0x000000077d900000, 0x00000007c0000000)
  eden space 124928K, 100% used [0x000000076ab00000,0x0000000772500000,0x0000000772500000)
  from space 19456K, 99% used [0x0000000772500000,0x00000007737fbb60,0x0000000773800000)
  to   space 29696K, 0% used [0x000000077bc00000,0x000000077bc00000,0x000000077d900000)
 ParOldGen       total 84992K, used 28720K [0x00000006c0000000, 0x00000006c5300000, 0x000000076ab00000)
  object space 84992K, 33% used [0x00000006c0000000,0x00000006c1c0c0f8,0x00000006c5300000)
 Metaspace       used 6477K, capacity 7192K, committed 7424K, reserved 1056768K
  class space    used 632K, capacity 656K, committed 768K, reserved 1048576K
Event: 2.810 GC heap after
Heap after GC invocations=8 (full 0):
 PSYoungGen      total 270848K, used 29675K [0x000000076ab00000, 0x000000077ea00000, 0x00000007c0000000)
  eden space 241152K, 0% used [0x000000076ab00000,0x000000076ab00000,0x0000000779680000)
  from space 29696K, 99% used [0x000000077bc00000,0x000000077d8fae90,0x000000077d900000)
  to   space 38400K, 0% used [0x0000000779680000,0x0000000779680000,0x000000077bc00000)
 ParOldGen       total 84992K, used 34956K [0x00000006c0000000, 0x00000006c5300000, 0x000000076ab00000)
  object space 84992K, 41% used [0x00000006c0000000,0x00000006c2223010,0x00000006c5300000)
 Metaspace       used 6477K, capacity 7192K, committed 7424K, reserved 1056768K
  class space    used 632K, capacity 656K, committed 768K, reserved 1048576K
}
Event: 3.365 GC heap before
{Heap before GC invocations=9 (full 0):
 PSYoungGen      total 270848K, used 270827K [0x000000076ab00000, 0x000000077ea00000, 0x00000007c0000000)
  eden space 241152K, 100% used [0x000000076ab00000,0x0000000779680000,0x0000000779680000)
  from space 29696K, 99% used [0x000000077bc00000,0x000000077d8fae90,0x000000077d900000)
  to   space 38400K, 0% used [0x0000000779680000,0x0000000779680000,0x000000077bc00000)
 ParOldGen       total 84992K, used 34956K [0x00000006c0000000, 0x00000006c5300000, 0x000000076ab00000)
  object space 84992K, 41% used [0x00000006c0000000,0x00000006c2223010,0x00000006c5300000)
 Metaspace       used 6597K, capacity 7256K, committed 7424K, reserved 1056768K
  class space    used 632K, capacity 656K, committed 768K, reserved 1048576K
Event: 7.241 GC heap after
Heap after GC invocations=9 (full 0):
 PSYoungGen      total 279552K, used 38391K [0x000000076ab00000, 0x0000000789100000, 0x00000007c0000000)
  eden space 241152K, 0% used [0x000000076ab00000,0x000000076ab00000,0x0000000779680000)
  from space 38400K, 99% used [0x0000000779680000,0x000000077bbfdee0,0x000000077bc00000)
  to   space 55808K, 0% used [0x0000000785a80000,0x0000000785a80000,0x0000000789100000)
 ParOldGen       total 84992K, used 60398K [0x00000006c0000000, 0x00000006c5300000, 0x000000076ab00000)
  object space 84992K, 71% used [0x00000006c0000000,0x00000006c3afbbe0,0x00000006c5300000)
 Metaspace       used 6597K, capacity 7256K, committed 7424K, reserved 1056768K
  class space    used 632K, capacity 656K, committed 768K, reserved 1048576K
}
Event: 7.799 GC heap before
{Heap before GC invocations=10 (full 0):
 PSYoungGen      total 279552K, used 279543K [0x000000076ab00000, 0x0000000789100000, 0x00000007c0000000)
  eden space 241152K, 100% used [0x000000076ab00000,0x0000000779680000,0x0000000779680000)
  from space 38400K, 99% used [0x0000000779680000,0x000000077bbfdee0,0x000000077bc00000)
  to   space 55808K, 0% used [0x0000000785a80000,0x0000000785a80000,0x0000000789100000)
 ParOldGen       total 84992K, used 60398K [0x00000006c0000000, 0x00000006c5300000, 0x000000076ab00000)
  object space 84992K, 71% used [0x00000006c0000000,0x00000006c3afbbe0,0x00000006c5300000)
 Metaspace       used 6629K, capacity 7256K, committed 7424K, reserved 1056768K
  class space    used 633K, capacity 656K, committed 768K, reserved 1048576K
Event: 23.370 GC heap after
Heap after GC invocations=10 (full 0):
 PSYoungGen      total 433152K, used 52959K [0x000000076ab00000, 0x000000078a200000, 0x00000007c0000000)
  eden space 377344K, 0% used [0x000000076ab00000,0x000000076ab00000,0x0000000781b80000)
  from space 55808K, 94% used [0x0000000785a80000,0x0000000788e37c18,0x0000000789100000)
  to   space 64512K, 0% used [0x0000000781b80000,0x0000000781b80000,0x0000000785a80000)
 ParOldGen       total 84992K, used 74278K [0x00000006c0000000, 0x00000006c5300000, 0x000000076ab00000)
  object space 84992K, 87% used [0x00000006c0000000,0x00000006c4889818,0x00000006c5300000)
 Metaspace       used 6629K, capacity 7256K, committed 7424K, reserved 1056768K
  class space    used 633K, capacity 656K, committed 768K, reserved 1048576K
}
Event: 23.370 GC heap before
{Heap before GC invocations=11 (full 1):
 PSYoungGen      total 433152K, used 52959K [0x000000076ab00000, 0x000000078a200000, 0x00000007c0000000)
  eden space 377344K, 0% used [0x000000076ab00000,0x000000076ab00000,0x0000000781b80000)
  from space 55808K, 94% used [0x0000000785a80000,0x0000000788e37c18,0x0000000789100000)
  to   space 64512K, 0% used [0x0000000781b80000,0x0000000781b80000,0x0000000785a80000)
 ParOldGen       total 84992K, used 74278K [0x00000006c0000000, 0x00000006c5300000, 0x000000076ab00000)
  object space 84992K, 87% used [0x00000006c0000000,0x00000006c4889818,0x00000006c5300000)
 Metaspace       used 6629K, capacity 7256K, committed 7424K, reserved 1056768K
  class space    used 633K, capacity 656K, committed 768K, reserved 1048576K
Event: 29.707 GC heap after
Heap after GC invocations=11 (full 1):
 PSYoungGen      total 433152K, used 36191K [0x000000076ab00000, 0x000000078a200000, 0x00000007c0000000)
  eden space 377344K, 0% used [0x000000076ab00000,0x000000076ab00000,0x0000000781b80000)
  from space 55808K, 64% used [0x0000000785a80000,0x0000000787dd7d10,0x0000000789100000)
  to   space 64512K, 0% used [0x0000000781b80000,0x0000000781b80000,0x0000000785a80000)
 ParOldGen       total 148480K, used 84630K [0x00000006c0000000, 0x00000006c9100000, 0x000000076ab00000)
  object space 148480K, 56% used [0x00000006c0000000,0x00000006c52a5af0,0x00000006c9100000)
 Metaspace       used 6629K, capacity 7256K, committed 7424K, reserved 1056768K
  class space    used 633K, capacity 656K, committed 768K, reserved 1048576K
}
Event: 40.448 GC heap before
{Heap before GC invocations=12 (full 1):
 PSYoungGen      total 433152K, used 413535K [0x000000076ab00000, 0x000000078a200000, 0x00000007c0000000)
  eden space 377344K, 100% used [0x000000076ab00000,0x0000000781b80000,0x0000000781b80000)
  from space 55808K, 64% used [0x0000000785a80000,0x0000000787dd7d10,0x0000000789100000)
  to   space 64512K, 0% used [0x0000000781b80000,0x0000000781b80000,0x0000000785a80000)
 ParOldGen       total 148480K, used 84630K [0x00000006c0000000, 0x00000006c9100000, 0x000000076ab00000)
  object space 148480K, 56% used [0x00000006c0000000,0x00000006c52a5af0,0x00000006c9100000)
 Metaspace       used 6691K, capacity 7320K, committed 7680K, reserved 1056768K
  class space    used 635K, capacity 656K, committed 768K, reserved 1048576K

