# JRE version: Java(TM) SE Runtime Environment (8.0_121-b13) (build 1.8.0_121-b13)
# Java VM: Java HotSpot(TM) 64-Bit Server VM (25.121-b13 mixed mode linux-amd64 compressed oops)
Heap:
 PSYoungGen      total 555008K, used 69257K [0x000000076ab00000, 0x0000000791a80000, 0x00000007c0000000)
  eden space 481280K, 0% used [0x000000076ab00000,0x000000076ab00000,0x0000000788100000)
  from space 73728K, 93% used [0x0000000788100000,0x000000078c4a26a8,0x000000078c900000)
  to   space 65024K, 0% used [0x000000078c900000,0x000000078c900000,0x0000000790880000)
 ParOldGen       total 278016K, used 210061K [0x00000006c0000000, 0x00000006d0f80000, 0x000000076ab00000)
  object space 278016K, 75% used [0x00000006c0000000,0x00000006ccd235e0,0x00000006d0f80000)
 Metaspace       used 6717K, capacity 7320K, committed 7680K, reserved 1056768K
  class space    used 634K, capacity 656K, committed 768K, reserved 1048576K
GC Heap History (10 events):
Event: 4.538 GC heap after
Heap after GC invocations=10 (full 0):
 PSYoungGen      total 433664K, used 45577K [0x000000076ab00000, 0x0000000789a80000, 0x00000007c0000000)
  eden space 378368K, 0% used [0x000000076ab00000,0x000000076ab00000,0x0000000781c80000)
  from space 55296K, 82% used [0x0000000785880000,0x0000000788502660,0x0000000788e80000)
  to   space 61440K, 0% used [0x0000000781c80000,0x0000000781c80000,0x0000000785880000)
 ParOldGen       total 84992K, used 79848K [0x00000006c0000000, 0x00000006c5300000, 0x000000076ab00000)
  object space 84992K, 93% used [0x00000006c0000000,0x00000006c4dfa220,0x00000006c5300000)
 Metaspace       used 6628K, capacity 7256K, committed 7424K, reserved 1056768K
  class space    used 632K, capacity 656K, committed 768K, reserved 1048576K
}
Event: 4.538 GC heap before
{Heap before GC invocations=11 (full 1):
 PSYoungGen      total 433664K, used 45577K [0x000000076ab00000, 0x0000000789a80000, 0x00000007c0000000)
  eden space 378368K, 0% used [0x000000076ab00000,0x000000076ab00000,0x0000000781c80000)
  from space 55296K, 82% used [0x0000000785880000,0x0000000788502660,0x0000000788e80000)
  to   space 61440K, 0% used [0x0000000781c80000,0x0000000781c80000,0x0000000785880000)
 ParOldGen       total 84992K, used 79848K [0x00000006c0000000, 0x00000006c5300000, 0x000000076ab00000)
  object space 84992K, 93% used [0x00000006c0000000,0x00000006c4dfa220,0x00000006c5300000)
 Metaspace       used 6628K, capacity 7256K, committed 7424K, reserved 1056768K
  class space    used 632K, capacity 656K, committed 768K, reserved 1048576K
Event: 5.106 GC heap after
Heap after GC invocations=11 (full 1):
 PSYoungGen      total 433664K, used 36104K [0x000000076ab00000, 0x0000000789a80000, 0x00000007c0000000)
  eden space 378368K, 0% used [0x000000076ab00000,0x000000076ab00000,0x0000000781c80000)
  from space 55296K, 65% used [0x0000000785880000,0x0000000787bc22c8,0x0000000788e80000)
  to   space 61440K, 0% used [0x0000000781c80000,0x0000000781c80000,0x0000000785880000)
 ParOldGen       total 156672K, used 84685K [0x00000006c0000000, 0x00000006c9900000, 0x000000076ab00000)
  object space 156672K, 54% used [0x00000006c0000000,0x00000006c52b3508,0x00000006c9900000)
 Metaspace       used 6628K, capacity 7256K, committed 7424K, reserved 1056768K
  class space    used 632K, capacity 656K, committed 768K, reserved 1048576K
}
Event: 5.858 GC heap before
{Heap before GC invocations=12 (full 1):
 PSYoungGen      total 433664K, used 414472K [0x000000076ab00000, 0x0000000789a80000, 0x00000007c0000000)
  eden space 378368K, 100% used [0x000000076ab00000,0x0000000781c80000,0x0000000781c80000)
  from space 55296K, 65% used [0x0000000785880000,0x0000000787bc22c8,0x0000000788e80000)
  to   space 61440K, 0% used [0x0000000781c80000,0x0000000781c80000,0x0000000785880000)
 ParOldGen       total 156672K, used 84685K [0x00000006c0000000, 0x00000006c9900000, 0x000000076ab00000)
  object space 156672K, 54% used [0x00000006c0000000,0x00000006c52b3508,0x00000006c9900000)
 Metaspace       used 6691K, capacity 7320K, committed 7680K, reserved 1056768K
  class space    used 634K, capacity 656K, committed 768K, reserved 1048576K
Event: 5.968 GC heap after
Heap after GC invocations=12 (full 1):
 PSYoungGen      total 439808K, used 42817K [0x000000076ab00000, 0x0000000790880000, 0x00000007c0000000)
  eden space 378368K, 0% used [0x000000076ab00000,0x000000076ab00000,0x0000000781c80000)
  from space 61440K, 69% used [0x0000000781c80000,0x0000000784650728,0x0000000785880000)
  to   space 65024K, 0% used [0x000000078c900000,0x000000078c900000,0x0000000790880000)
 ParOldGen       total 156672K, used 119001K [0x00000006c0000000, 0x00000006c9900000, 0x000000076ab00000)
  object space 156672K, 75% used [0x00000006c0000000,0x00000006c7436478,0x00000006c9900000)
 Metaspace       used 6691K, capacity 7320K, committed 7680K, reserved 1056768K
  class space    used 634K, capacity 656K, committed 768K, reserved 1048576K
}
Event: 6.956 GC heap before
{Heap before GC invocations=13 (full 1):
 PSYoungGen      total 439808K, used 421185K [0x000000076ab00000, 0x0000000790880000, 0x00000007c0000000)
  eden space 378368K, 100% used [0x000000076ab00000,0x0000000781c80000,0x0000000781c80000)
  from space 61440K, 69% used [0x0000000781c80000,0x0000000784650728,0x0000000785880000)
  to   space 65024K, 0% used [0x000000078c900000,0x000000078c900000,0x0000000790880000)
 ParOldGen       total 156672K, used 119001K [0x00000006c0000000, 0x00000006c9900000, 0x000000076ab00000)
  object space 156672K, 75% used [0x00000006c0000000,0x00000006c7436478,0x00000006c9900000)
 Metaspace       used 6703K, capacity 7320K, committed 7680K, reserved 1056768K
  class space    used 634K, capacity 656K, committed 768K, reserved 1048576K
Event: 7.087 GC heap after
Heap after GC invocations=13 (full 1):
 PSYoungGen      total 546304K, used 58448K [0x000000076ab00000, 0x0000000791a80000, 0x00000007c0000000)
  eden space 481280K, 0% used [0x000000076ab00000,0x000000076ab00000,0x0000000788100000)
  from space 65024K, 89% used [0x000000078c900000,0x00000007902140e0,0x0000000790880000)
  to   space 73728K, 0% used [0x0000000788100000,0x0000000788100000,0x000000078c900000)
 ParOldGen       total 160256K, used 158290K [0x00000006c0000000, 0x00000006c9c80000, 0x000000076ab00000)
  object space 160256K, 98% used [0x00000006c0000000,0x00000006c9a94b08,0x00000006c9c80000)
 Metaspace       used 6703K, capacity 7320K, committed 7680K, reserved 1056768K
  class space    used 634K, capacity 656K, committed 768K, reserved 1048576K
}
Event: 7.087 GC heap before
{Heap before GC invocations=14 (full 2):
 PSYoungGen      total 546304K, used 58448K [0x000000076ab00000, 0x0000000791a80000, 0x00000007c0000000)
  eden space 481280K, 0% used [0x000000076ab00000,0x000000076ab00000,0x0000000788100000)
  from space 65024K, 89% used [0x000000078c900000,0x00000007902140e0,0x0000000790880000)
  to   space 73728K, 0% used [0x0000000788100000,0x0000000788100000,0x000000078c900000)
 ParOldGen       total 160256K, used 158290K [0x00000006c0000000, 0x00000006c9c80000, 0x000000076ab00000)
  object space 160256K, 98% used [0x00000006c0000000,0x00000006c9a94b08,0x00000006c9c80000)
 Metaspace       used 6703K, capacity 7320K, committed 7680K, reserved 1056768K
  class space    used 634K, capacity 656K, committed 768K, reserved 1048576K
Event: 7.728 GC heap after
Heap after GC invocations=14 (full 2):
 PSYoungGen      total 546304K, used 53016K [0x000000076ab00000, 0x0000000791a80000, 0x00000007c0000000)
  eden space 481280K, 0% used [0x000000076ab00000,0x000000076ab00000,0x0000000788100000)
  from space 65024K, 81% used [0x000000078c900000,0x000000078fcc6108,0x0000000790880000)
  to   space 73728K, 0% used [0x0000000788100000,0x0000000788100000,0x000000078c900000)
 ParOldGen       total 278016K, used 159881K [0x00000006c0000000, 0x00000006d0f80000, 0x000000076ab00000)
  object space 278016K, 57% used [0x00000006c0000000,0x00000006c9c22560,0x00000006d0f80000)
 Metaspace       used 6703K, capacity 7320K, committed 7680K, reserved 1056768K
  class space    used 634K, capacity 656K, committed 768K, reserved 1048576K
}
Event: 8.958 GC heap before
{Heap before GC invocations=15 (full 2):
 PSYoungGen      total 546304K, used 534296K [0x000000076ab00000, 0x0000000791a80000, 0x00000007c0000000)
  eden space 481280K, 100% used [0x000000076ab00000,0x0000000788100000,0x0000000788100000)
  from space 65024K, 81% used [0x000000078c900000,0x000000078fcc6108,0x0000000790880000)
  to   space 73728K, 0% used [0x0000000788100000,0x0000000788100000,0x000000078c900000)
 ParOldGen       total 278016K, used 159881K [0x00000006c0000000, 0x00000006d0f80000, 0x000000076ab00000)
  object space 278016K, 57% used [0x00000006c0000000,0x00000006c9c22560,0x00000006d0f80000)
 Metaspace       used 6717K, capacity 7320K, committed 7680K, reserved 1056768K
  class space    used 634K, capacity 656K, committed 768K, reserved 1048576K

