# JRE version: Java(TM) SE Runtime Environment (8.0_121-b13) (build 1.8.0_121-b13)
# Java VM: Java HotSpot(TM) 64-Bit Server VM (25.121-b13 mixed mode linux-amd64 compressed oops)
Heap:
 PSYoungGen      total 555008K, used 69048K [0x000000076ab00000, 0x0000000791d00000, 0x00000007c0000000)
  eden space 476672K, 0% used [0x000000076ab00000,0x000000076ab00000,0x0000000787c80000)
  from space 78336K, 88% used [0x0000000787c80000,0x000000078bfee198,0x000000078c900000)
  to   space 71168K, 0% used [0x000000078c900000,0x000000078c900000,0x0000000790e80000)
 ParOldGen       total 291840K, used 209794K [0x00000006c0000000, 0x00000006d1d00000, 0x000000076ab00000)
  object space 291840K, 71% used [0x00000006c0000000,0x00000006ccce0b40,0x00000006d1d00000)
 Metaspace       used 6712K, capacity 7320K, committed 7680K, reserved 1056768K
  class space    used 634K, capacity 656K, committed 768K, reserved 1048576K
GC Heap History (10 events):
Event: 3.350 GC heap after
Heap after GC invocations=10 (full 0):
 PSYoungGen      total 432128K, used 51124K [0x000000076ab00000, 0x0000000789e80000, 0x00000007c0000000)
  eden space 375808K, 0% used [0x000000076ab00000,0x000000076ab00000,0x0000000781a00000)
  from space 56320K, 90% used [0x0000000785880000,0x0000000788a6d1d0,0x0000000788f80000)
  to   space 64000K, 0% used [0x0000000781a00000,0x0000000781a00000,0x0000000785880000)
 ParOldGen       total 84992K, used 75212K [0x00000006c0000000, 0x00000006c5300000, 0x000000076ab00000)
  object space 84992K, 88% used [0x00000006c0000000,0x00000006c49730f0,0x00000006c5300000)
 Metaspace       used 6617K, capacity 7256K, committed 7424K, reserved 1056768K
  class space    used 632K, capacity 656K, committed 768K, reserved 1048576K
}
Event: 3.350 GC heap before
{Heap before GC invocations=11 (full 1):
 PSYoungGen      total 432128K, used 51124K [0x000000076ab00000, 0x0000000789e80000, 0x00000007c0000000)
  eden space 375808K, 0% used [0x000000076ab00000,0x000000076ab00000,0x0000000781a00000)
  from space 56320K, 90% used [0x0000000785880000,0x0000000788a6d1d0,0x0000000788f80000)
  to   space 64000K, 0% used [0x0000000781a00000,0x0000000781a00000,0x0000000785880000)
 ParOldGen       total 84992K, used 75212K [0x00000006c0000000, 0x00000006c5300000, 0x000000076ab00000)
  object space 84992K, 88% used [0x00000006c0000000,0x00000006c49730f0,0x00000006c5300000)
 Metaspace       used 6617K, capacity 7256K, committed 7424K, reserved 1056768K
  class space    used 632K, capacity 656K, committed 768K, reserved 1048576K
Event: 3.797 GC heap after
Heap after GC invocations=11 (full 1):
 PSYoungGen      total 432128K, used 34986K [0x000000076ab00000, 0x0000000789e80000, 0x00000007c0000000)
  eden space 375808K, 0% used [0x000000076ab00000,0x000000076ab00000,0x0000000781a00000)
  from space 56320K, 62% used [0x0000000785880000,0x0000000787aaa9a8,0x0000000788f80000)
  to   space 64000K, 0% used [0x0000000781a00000,0x0000000781a00000,0x0000000785880000)
 ParOldGen       total 155648K, used 84603K [0x00000006c0000000, 0x00000006c9800000, 0x000000076ab00000)
  object space 155648K, 54% used [0x00000006c0000000,0x00000006c529efc8,0x00000006c9800000)
 Metaspace       used 6617K, capacity 7256K, committed 7424K, reserved 1056768K
  class space    used 632K, capacity 656K, committed 768K, reserved 1048576K
}
Event: 4.449 GC heap before
{Heap before GC invocations=12 (full 1):
 PSYoungGen      total 432128K, used 410794K [0x000000076ab00000, 0x0000000789e80000, 0x00000007c0000000)
  eden space 375808K, 100% used [0x000000076ab00000,0x0000000781a00000,0x0000000781a00000)
  from space 56320K, 62% used [0x0000000785880000,0x0000000787aaa9a8,0x0000000788f80000)
  to   space 64000K, 0% used [0x0000000781a00000,0x0000000781a00000,0x0000000785880000)
 ParOldGen       total 155648K, used 84906K [0x00000006c0000000, 0x00000006c9800000, 0x000000076ab00000)
  object space 155648K, 54% used [0x00000006c0000000,0x00000006c52ea9b8,0x00000006c9800000)
 Metaspace       used 6686K, capacity 7320K, committed 7680K, reserved 1056768K
  class space    used 634K, capacity 656K, committed 768K, reserved 1048576K
Event: 4.573 GC heap after
Heap after GC invocations=12 (full 1):
 PSYoungGen      total 439808K, used 53438K [0x000000076ab00000, 0x0000000790e80000, 0x00000007c0000000)
  eden space 375808K, 0% used [0x000000076ab00000,0x000000076ab00000,0x0000000781a00000)
  from space 64000K, 83% used [0x0000000781a00000,0x0000000784e2fa08,0x0000000785880000)
  to   space 71168K, 0% used [0x000000078c900000,0x000000078c900000,0x0000000790e80000)
 ParOldGen       total 155648K, used 119561K [0x00000006c0000000, 0x00000006c9800000, 0x000000076ab00000)
  object space 155648K, 76% used [0x00000006c0000000,0x00000006c74c24f0,0x00000006c9800000)
 Metaspace       used 6686K, capacity 7320K, committed 7680K, reserved 1056768K
  class space    used 634K, capacity 656K, committed 768K, reserved 1048576K
}
Event: 5.527 GC heap before
{Heap before GC invocations=13 (full 1):
 PSYoungGen      total 439808K, used 429246K [0x000000076ab00000, 0x0000000790e80000, 0x00000007c0000000)
  eden space 375808K, 100% used [0x000000076ab00000,0x0000000781a00000,0x0000000781a00000)
  from space 64000K, 83% used [0x0000000781a00000,0x0000000784e2fa08,0x0000000785880000)
  to   space 71168K, 0% used [0x000000078c900000,0x000000078c900000,0x0000000790e80000)
 ParOldGen       total 155648K, used 119563K [0x00000006c0000000, 0x00000006c9800000, 0x000000076ab00000)
  object space 155648K, 76% used [0x00000006c0000000,0x00000006c74c2c50,0x00000006c9800000)
 Metaspace       used 6697K, capacity 7320K, committed 7680K, reserved 1056768K
  class space    used 634K, capacity 656K, committed 768K, reserved 1048576K
Event: 5.646 GC heap after
Heap after GC invocations=13 (full 1):
 PSYoungGen      total 547840K, used 57329K [0x000000076ab00000, 0x0000000791d00000, 0x00000007c0000000)
  eden space 476672K, 0% used [0x000000076ab00000,0x000000076ab00000,0x0000000787c80000)
  from space 71168K, 80% used [0x000000078c900000,0x00000007900fc450,0x0000000790e80000)
  to   space 78336K, 0% used [0x0000000787c80000,0x0000000787c80000,0x000000078c900000)
 ParOldGen       total 169984K, used 169081K [0x00000006c0000000, 0x00000006ca600000, 0x000000076ab00000)
  object space 169984K, 99% used [0x00000006c0000000,0x00000006ca51e710,0x00000006ca600000)
 Metaspace       used 6697K, capacity 7320K, committed 7680K, reserved 1056768K
  class space    used 634K, capacity 656K, committed 768K, reserved 1048576K
}
Event: 5.647 GC heap before
{Heap before GC invocations=14 (full 2):
 PSYoungGen      total 547840K, used 57329K [0x000000076ab00000, 0x0000000791d00000, 0x00000007c0000000)
  eden space 476672K, 0% used [0x000000076ab00000,0x000000076ab00000,0x0000000787c80000)
  from space 71168K, 80% used [0x000000078c900000,0x00000007900fc450,0x0000000790e80000)
  to   space 78336K, 0% used [0x0000000787c80000,0x0000000787c80000,0x000000078c900000)
 ParOldGen       total 169984K, used 169081K [0x00000006c0000000, 0x00000006ca600000, 0x000000076ab00000)
  object space 169984K, 99% used [0x00000006c0000000,0x00000006ca51e710,0x00000006ca600000)
 Metaspace       used 6697K, capacity 7320K, committed 7680K, reserved 1056768K
  class space    used 634K, capacity 656K, committed 768K, reserved 1048576K
Event: 6.213 GC heap after
Heap after GC invocations=14 (full 2):
 PSYoungGen      total 547840K, used 42659K [0x000000076ab00000, 0x0000000791d00000, 0x00000007c0000000)
  eden space 476672K, 0% used [0x000000076ab00000,0x000000076ab00000,0x0000000787c80000)
  from space 71168K, 59% used [0x000000078c900000,0x000000078f2a8fe8,0x0000000790e80000)
  to   space 78336K, 0% used [0x0000000787c80000,0x0000000787c80000,0x000000078c900000)
 ParOldGen       total 291840K, used 169679K [0x00000006c0000000, 0x00000006d1d00000, 0x000000076ab00000)
  object space 291840K, 58% used [0x00000006c0000000,0x00000006ca5b3fe8,0x00000006d1d00000)
 Metaspace       used 6697K, capacity 7320K, committed 7680K, reserved 1056768K
  class space    used 634K, capacity 656K, committed 768K, reserved 1048576K
}
Event: 7.439 GC heap before
{Heap before GC invocations=15 (full 2):
 PSYoungGen      total 547840K, used 519331K [0x000000076ab00000, 0x0000000791d00000, 0x00000007c0000000)
  eden space 476672K, 100% used [0x000000076ab00000,0x0000000787c80000,0x0000000787c80000)
  from space 71168K, 59% used [0x000000078c900000,0x000000078f2a8fe8,0x0000000790e80000)
  to   space 78336K, 0% used [0x0000000787c80000,0x0000000787c80000,0x000000078c900000)
 ParOldGen       total 291840K, used 169679K [0x00000006c0000000, 0x00000006d1d00000, 0x000000076ab00000)
  object space 291840K, 58% used [0x00000006c0000000,0x00000006ca5b3fe8,0x00000006d1d00000)
 Metaspace       used 6712K, capacity 7320K, committed 7680K, reserved 1056768K
  class space    used 634K, capacity 656K, committed 768K, reserved 1048576K

