# JRE version: Java(TM) SE Runtime Environment (8.0_121-b13) (build 1.8.0_121-b13)
# Java VM: Java HotSpot(TM) 64-Bit Server VM (25.121-b13 mixed mode linux-amd64 compressed oops)
Heap:
 PSYoungGen      total 614912K, used 78826K [0x000000076ab00000, 0x0000000796c00000, 0x00000007c0000000)
  eden space 536064K, 0% used [0x000000076ab00000,0x000000076ab00000,0x000000078b680000)
  from space 78848K, 99% used [0x000000078b680000,0x000000079037ab10,0x0000000790380000)
  to   space 71168K, 0% used [0x0000000790380000,0x0000000790380000,0x0000000794900000)
 ParOldGen       total 231936K, used 226219K [0x00000006c0000000, 0x00000006ce280000, 0x000000076ab00000)
  object space 231936K, 97% used [0x00000006c0000000,0x00000006cdceacc0,0x00000006ce280000)
 Metaspace       used 6718K, capacity 7320K, committed 7680K, reserved 1056768K
  class space    used 635K, capacity 656K, committed 768K, reserved 1048576K
GC Heap History (10 events):
Event: 4.130 GC heap after
Heap after GC invocations=10 (full 0):
 PSYoungGen      total 431104K, used 51326K [0x000000076ab00000, 0x0000000789e80000, 0x00000007c0000000)
  eden space 375296K, 0% used [0x000000076ab00000,0x000000076ab00000,0x0000000781980000)
  from space 55808K, 91% used [0x0000000785800000,0x0000000788a1f8d8,0x0000000788e80000)
  to   space 64000K, 0% used [0x0000000781980000,0x0000000781980000,0x0000000785800000)
 ParOldGen       total 84992K, used 78411K [0x00000006c0000000, 0x00000006c5300000, 0x000000076ab00000)
  object space 84992K, 92% used [0x00000006c0000000,0x00000006c4c92e10,0x00000006c5300000)
 Metaspace       used 6641K, capacity 7256K, committed 7424K, reserved 1056768K
  class space    used 632K, capacity 656K, committed 768K, reserved 1048576K
}
Event: 4.130 GC heap before
{Heap before GC invocations=11 (full 1):
 PSYoungGen      total 431104K, used 51326K [0x000000076ab00000, 0x0000000789e80000, 0x00000007c0000000)
  eden space 375296K, 0% used [0x000000076ab00000,0x000000076ab00000,0x0000000781980000)
  from space 55808K, 91% used [0x0000000785800000,0x0000000788a1f8d8,0x0000000788e80000)
  to   space 64000K, 0% used [0x0000000781980000,0x0000000781980000,0x0000000785800000)
 ParOldGen       total 84992K, used 78411K [0x00000006c0000000, 0x00000006c5300000, 0x000000076ab00000)
  object space 84992K, 92% used [0x00000006c0000000,0x00000006c4c92e10,0x00000006c5300000)
 Metaspace       used 6641K, capacity 7256K, committed 7424K, reserved 1056768K
  class space    used 632K, capacity 656K, committed 768K, reserved 1048576K
Event: 4.503 GC heap after
Heap after GC invocations=11 (full 1):
 PSYoungGen      total 431104K, used 35504K [0x000000076ab00000, 0x0000000789e80000, 0x00000007c0000000)
  eden space 375296K, 0% used [0x000000076ab00000,0x000000076ab00000,0x0000000781980000)
  from space 55808K, 63% used [0x0000000785800000,0x0000000787aac370,0x0000000788e80000)
  to   space 64000K, 0% used [0x0000000781980000,0x0000000781980000,0x0000000785800000)
 ParOldGen       total 149504K, used 84655K [0x00000006c0000000, 0x00000006c9200000, 0x000000076ab00000)
  object space 149504K, 56% used [0x00000006c0000000,0x00000006c52abd20,0x00000006c9200000)
 Metaspace       used 6641K, capacity 7256K, committed 7424K, reserved 1056768K
  class space    used 632K, capacity 656K, committed 768K, reserved 1048576K
}
Event: 8.097 GC heap before
{Heap before GC invocations=12 (full 1):
 PSYoungGen      total 431104K, used 410800K [0x000000076ab00000, 0x0000000789e80000, 0x00000007c0000000)
  eden space 375296K, 100% used [0x000000076ab00000,0x0000000781980000,0x0000000781980000)
  from space 55808K, 63% used [0x0000000785800000,0x0000000787aac370,0x0000000788e80000)
  to   space 64000K, 0% used [0x0000000781980000,0x0000000781980000,0x0000000785800000)
 ParOldGen       total 149504K, used 84655K [0x00000006c0000000, 0x00000006c9200000, 0x000000076ab00000)
  object space 149504K, 56% used [0x00000006c0000000,0x00000006c52abd20,0x00000006c9200000)
 Metaspace       used 6691K, capacity 7320K, committed 7680K, reserved 1056768K
  class space    used 635K, capacity 656K, committed 768K, reserved 1048576K
Event: 10.034 GC heap after
Heap after GC invocations=12 (full 1):
 PSYoungGen      total 439296K, used 52877K [0x000000076ab00000, 0x0000000794900000, 0x00000007c0000000)
  eden space 375296K, 0% used [0x000000076ab00000,0x000000076ab00000,0x0000000781980000)
  from space 64000K, 82% used [0x0000000781980000,0x0000000784d23550,0x0000000785800000)
  to   space 71168K, 0% used [0x0000000790380000,0x0000000790380000,0x0000000794900000)
 ParOldGen       total 149504K, used 119747K [0x00000006c0000000, 0x00000006c9200000, 0x000000076ab00000)
  object space 149504K, 80% used [0x00000006c0000000,0x00000006c74f0c10,0x00000006c9200000)
 Metaspace       used 6691K, capacity 7320K, committed 7680K, reserved 1056768K
  class space    used 635K, capacity 656K, committed 768K, reserved 1048576K
}
Event: 10.034 GC heap before
{Heap before GC invocations=13 (full 2):
 PSYoungGen      total 439296K, used 52877K [0x000000076ab00000, 0x0000000794900000, 0x00000007c0000000)
  eden space 375296K, 0% used [0x000000076ab00000,0x000000076ab00000,0x0000000781980000)
  from space 64000K, 82% used [0x0000000781980000,0x0000000784d23550,0x0000000785800000)
  to   space 71168K, 0% used [0x0000000790380000,0x0000000790380000,0x0000000794900000)
 ParOldGen       total 149504K, used 119747K [0x00000006c0000000, 0x00000006c9200000, 0x000000076ab00000)
  object space 149504K, 80% used [0x00000006c0000000,0x00000006c74f0c10,0x00000006c9200000)
 Metaspace       used 6691K, capacity 7320K, committed 7680K, reserved 1056768K
  class space    used 635K, capacity 656K, committed 768K, reserved 1048576K
Event: 10.388 GC heap after
Heap after GC invocations=13 (full 2):
 PSYoungGen      total 439296K, used 20394K [0x000000076ab00000, 0x0000000794900000, 0x00000007c0000000)
  eden space 375296K, 0% used [0x000000076ab00000,0x000000076ab00000,0x0000000781980000)
  from space 64000K, 31% used [0x0000000781980000,0x0000000782d6a918,0x0000000785800000)
  to   space 71168K, 0% used [0x0000000790380000,0x0000000790380000,0x0000000794900000)
 ParOldGen       total 231936K, used 149257K [0x00000006c0000000, 0x00000006ce280000, 0x000000076ab00000)
  object space 231936K, 64% used [0x00000006c0000000,0x00000006c91c2438,0x00000006ce280000)
 Metaspace       used 6691K, capacity 7320K, committed 7680K, reserved 1056768K
  class space    used 635K, capacity 656K, committed 768K, reserved 1048576K
}
Event: 11.264 GC heap before
{Heap before GC invocations=14 (full 2):
 PSYoungGen      total 439296K, used 395690K [0x000000076ab00000, 0x0000000794900000, 0x00000007c0000000)
  eden space 375296K, 100% used [0x000000076ab00000,0x0000000781980000,0x0000000781980000)
  from space 64000K, 31% used [0x0000000781980000,0x0000000782d6a918,0x0000000785800000)
  to   space 71168K, 0% used [0x0000000790380000,0x0000000790380000,0x0000000794900000)
 ParOldGen       total 231936K, used 149257K [0x00000006c0000000, 0x00000006ce280000, 0x000000076ab00000)
  object space 231936K, 64% used [0x00000006c0000000,0x00000006c91c2438,0x00000006ce280000)
 Metaspace       used 6702K, capacity 7320K, committed 7680K, reserved 1056768K
  class space    used 635K, capacity 656K, committed 768K, reserved 1048576K
Event: 14.741 GC heap after
Heap after GC invocations=14 (full 2):
 PSYoungGen      total 607232K, used 58956K [0x000000076ab00000, 0x0000000796c00000, 0x00000007c0000000)
  eden space 536064K, 0% used [0x000000076ab00000,0x000000076ab00000,0x000000078b680000)
  from space 71168K, 82% used [0x0000000790380000,0x0000000793d133b8,0x0000000794900000)
  to   space 78848K, 0% used [0x000000078b680000,0x000000078b680000,0x0000000790380000)
 ParOldGen       total 231936K, used 168601K [0x00000006c0000000, 0x00000006ce280000, 0x000000076ab00000)
  object space 231936K, 72% used [0x00000006c0000000,0x00000006ca4a6790,0x00000006ce280000)
 Metaspace       used 6702K, capacity 7320K, committed 7680K, reserved 1056768K
  class space    used 635K, capacity 656K, committed 768K, reserved 1048576K
}
Event: 16.231 GC heap before
{Heap before GC invocations=15 (full 2):
 PSYoungGen      total 607232K, used 595020K [0x000000076ab00000, 0x0000000796c00000, 0x00000007c0000000)
  eden space 536064K, 100% used [0x000000076ab00000,0x000000078b680000,0x000000078b680000)
  from space 71168K, 82% used [0x0000000790380000,0x0000000793d133b8,0x0000000794900000)
  to   space 78848K, 0% used [0x000000078b680000,0x000000078b680000,0x0000000790380000)
 ParOldGen       total 231936K, used 168601K [0x00000006c0000000, 0x00000006ce280000, 0x000000076ab00000)
  object space 231936K, 72% used [0x00000006c0000000,0x00000006ca4a6790,0x00000006ce280000)
 Metaspace       used 6718K, capacity 7320K, committed 7680K, reserved 1056768K
  class space    used 635K, capacity 656K, committed 768K, reserved 1048576K

