# JRE version: Java(TM) SE Runtime Environment (8.0_121-b13) (build 1.8.0_121-b13)
# Java VM: Java HotSpot(TM) 64-Bit Server VM (25.121-b13 mixed mode linux-amd64 compressed oops)
Heap:
 PSYoungGen      total 537600K, used 52213K [0x000000076ab00000, 0x000000078eb00000, 0x00000007c0000000)
  eden space 485376K, 0% used [0x000000076ab00000,0x000000076ab00000,0x0000000788500000)
  from space 52224K, 99% used [0x0000000788500000,0x000000078b7fd720,0x000000078b800000)
  to   space 39936K, 0% used [0x000000078c400000,0x000000078c400000,0x000000078eb00000)
 ParOldGen       total 145920K, used 121128K [0x00000006c0000000, 0x00000006c8e80000, 0x000000076ab00000)
  object space 145920K, 83% used [0x00000006c0000000,0x00000006c764a360,0x00000006c8e80000)
 Metaspace       used 6678K, capacity 7320K, committed 7680K, reserved 1056768K
  class space    used 634K, capacity 656K, committed 768K, reserved 1048576K
GC Heap History (10 events):
Event: 1.830 GC heap after
Heap after GC invocations=5 (full 0):
 PSYoungGen      total 132096K, used 5099K [0x000000076ab00000, 0x000000077d800000, 0x00000007c0000000)
  eden space 126976K, 0% used [0x000000076ab00000,0x000000076ab00000,0x0000000772700000)
  from space 5120K, 99% used [0x0000000772700000,0x0000000772bfad28,0x0000000772c00000)
  to   space 27136K, 0% used [0x000000077bd80000,0x000000077bd80000,0x000000077d800000)
 ParOldGen       total 84992K, used 34556K [0x00000006c0000000, 0x00000006c5300000, 0x000000076ab00000)
  object space 84992K, 40% used [0x00000006c0000000,0x00000006c21bf040,0x00000006c5300000)
 Metaspace       used 6212K, capacity 7064K, committed 7424K, reserved 1056768K
  class space    used 613K, capacity 656K, committed 768K, reserved 1048576K
}
Event: 2.155 GC heap before
{Heap before GC invocations=6 (full 0):
 PSYoungGen      total 132096K, used 132075K [0x000000076ab00000, 0x000000077d800000, 0x00000007c0000000)
  eden space 126976K, 100% used [0x000000076ab00000,0x0000000772700000,0x0000000772700000)
  from space 5120K, 99% used [0x0000000772700000,0x0000000772bfad28,0x0000000772c00000)
  to   space 27136K, 0% used [0x000000077bd80000,0x000000077bd80000,0x000000077d800000)
 ParOldGen       total 84992K, used 34556K [0x00000006c0000000, 0x00000006c5300000, 0x000000076ab00000)
  object space 84992K, 40% used [0x00000006c0000000,0x00000006c21bf040,0x00000006c5300000)
 Metaspace       used 6375K, capacity 7192K, committed 7424K, reserved 1056768K
  class space    used 613K, capacity 656K, committed 768K, reserved 1048576K
Event: 5.361 GC heap after
Heap after GC invocations=6 (full 0):
 PSYoungGen      total 276992K, used 22145K [0x000000076ab00000, 0x000000077e000000, 0x00000007c0000000)
  eden space 249856K, 0% used [0x000000076ab00000,0x000000076ab00000,0x0000000779f00000)
  from space 27136K, 81% used [0x000000077bd80000,0x000000077d3206e0,0x000000077d800000)
  to   space 31232K, 0% used [0x0000000779f00000,0x0000000779f00000,0x000000077bd80000)
 ParOldGen       total 84992K, used 34556K [0x00000006c0000000, 0x00000006c5300000, 0x000000076ab00000)
  object space 84992K, 40% used [0x00000006c0000000,0x00000006c21bf040,0x00000006c5300000)
 Metaspace       used 6375K, capacity 7192K, committed 7424K, reserved 1056768K
  class space    used 613K, capacity 656K, committed 768K, reserved 1048576K
}
Event: 11.235 GC heap before
{Heap before GC invocations=7 (full 0):
 PSYoungGen      total 276992K, used 272001K [0x000000076ab00000, 0x000000077e000000, 0x00000007c0000000)
  eden space 249856K, 100% used [0x000000076ab00000,0x0000000779f00000,0x0000000779f00000)
  from space 27136K, 81% used [0x000000077bd80000,0x000000077d3206e0,0x000000077d800000)
  to   space 31232K, 0% used [0x0000000779f00000,0x0000000779f00000,0x000000077bd80000)
 ParOldGen       total 84992K, used 34556K [0x00000006c0000000, 0x00000006c5300000, 0x000000076ab00000)
  object space 84992K, 40% used [0x00000006c0000000,0x00000006c21bf040,0x00000006c5300000)
 Metaspace       used 6554K, capacity 7256K, committed 7424K, reserved 1056768K
  class space    used 632K, capacity 656K, committed 768K, reserved 1048576K
Event: 11.319 GC heap after
Heap after GC invocations=7 (full 0):
 PSYoungGen      total 281088K, used 31210K [0x000000076ab00000, 0x000000078f500000, 0x00000007c0000000)
  eden space 249856K, 0% used [0x000000076ab00000,0x000000076ab00000,0x0000000779f00000)
  from space 31232K, 99% used [0x0000000779f00000,0x000000077bd7aa08,0x000000077bd80000)
  to   space 50176K, 0% used [0x000000078c400000,0x000000078c400000,0x000000078f500000)
 ParOldGen       total 84992K, used 59097K [0x00000006c0000000, 0x00000006c5300000, 0x000000076ab00000)
  object space 84992K, 69% used [0x00000006c0000000,0x00000006c39b66e8,0x00000006c5300000)
 Metaspace       used 6554K, capacity 7256K, committed 7424K, reserved 1056768K
  class space    used 632K, capacity 656K, committed 768K, reserved 1048576K
}
Event: 11.319 GC heap before
{Heap before GC invocations=8 (full 1):
 PSYoungGen      total 281088K, used 31210K [0x000000076ab00000, 0x000000078f500000, 0x00000007c0000000)
  eden space 249856K, 0% used [0x000000076ab00000,0x000000076ab00000,0x0000000779f00000)
  from space 31232K, 99% used [0x0000000779f00000,0x000000077bd7aa08,0x000000077bd80000)
  to   space 50176K, 0% used [0x000000078c400000,0x000000078c400000,0x000000078f500000)
 ParOldGen       total 84992K, used 59097K [0x00000006c0000000, 0x00000006c5300000, 0x000000076ab00000)
  object space 84992K, 69% used [0x00000006c0000000,0x00000006c39b66e8,0x00000006c5300000)
 Metaspace       used 6554K, capacity 7256K, committed 7424K, reserved 1056768K
  class space    used 632K, capacity 656K, committed 768K, reserved 1048576K
Event: 11.594 GC heap after
Heap after GC invocations=8 (full 1):
 PSYoungGen      total 281088K, used 1000K [0x000000076ab00000, 0x000000078f500000, 0x00000007c0000000)
  eden space 249856K, 0% used [0x000000076ab00000,0x000000076ab00000,0x0000000779f00000)
  from space 31232K, 3% used [0x0000000779f00000,0x0000000779ffa0b0,0x000000077bd80000)
  to   space 50176K, 0% used [0x000000078c400000,0x000000078c400000,0x000000078f500000)
 ParOldGen       total 145920K, used 84733K [0x00000006c0000000, 0x00000006c8e80000, 0x000000076ab00000)
  object space 145920K, 58% used [0x00000006c0000000,0x00000006c52bf550,0x00000006c8e80000)
 Metaspace       used 6554K, capacity 7256K, committed 7424K, reserved 1056768K
  class space    used 632K, capacity 656K, committed 768K, reserved 1048576K
}
Event: 12.006 GC heap before
{Heap before GC invocations=9 (full 1):
 PSYoungGen      total 281088K, used 250856K [0x000000076ab00000, 0x000000078f500000, 0x00000007c0000000)
  eden space 249856K, 100% used [0x000000076ab00000,0x0000000779f00000,0x0000000779f00000)
  from space 31232K, 3% used [0x0000000779f00000,0x0000000779ffa0b0,0x000000077bd80000)
  to   space 50176K, 0% used [0x000000078c400000,0x000000078c400000,0x000000078f500000)
 ParOldGen       total 145920K, used 84733K [0x00000006c0000000, 0x00000006c8e80000, 0x000000076ab00000)
  object space 145920K, 58% used [0x00000006c0000000,0x00000006c52bf550,0x00000006c8e80000)
 Metaspace       used 6614K, capacity 7256K, committed 7424K, reserved 1056768K
  class space    used 632K, capacity 656K, committed 768K, reserved 1048576K
Event: 14.331 GC heap after
Heap after GC invocations=9 (full 1):
 PSYoungGen      total 525312K, used 31620K [0x000000076ab00000, 0x000000078eb00000, 0x00000007c0000000)
  eden space 485376K, 0% used [0x000000076ab00000,0x000000076ab00000,0x0000000788500000)
  from space 39936K, 79% used [0x000000078c400000,0x000000078e2e1078,0x000000078eb00000)
  to   space 52224K, 0% used [0x0000000788500000,0x0000000788500000,0x000000078b800000)
 ParOldGen       total 145920K, used 84741K [0x00000006c0000000, 0x00000006c8e80000, 0x000000076ab00000)
  object space 145920K, 58% used [0x00000006c0000000,0x00000006c52c1550,0x00000006c8e80000)
 Metaspace       used 6614K, capacity 7256K, committed 7424K, reserved 1056768K
  class space    used 632K, capacity 656K, committed 768K, reserved 1048576K
}
Event: 20.146 GC heap before
{Heap before GC invocations=10 (full 1):
 PSYoungGen      total 525312K, used 516996K [0x000000076ab00000, 0x000000078eb00000, 0x00000007c0000000)
  eden space 485376K, 100% used [0x000000076ab00000,0x0000000788500000,0x0000000788500000)
  from space 39936K, 79% used [0x000000078c400000,0x000000078e2e1078,0x000000078eb00000)
  to   space 52224K, 0% used [0x0000000788500000,0x0000000788500000,0x000000078b800000)
 ParOldGen       total 145920K, used 84741K [0x00000006c0000000, 0x00000006c8e80000, 0x000000076ab00000)
  object space 145920K, 58% used [0x00000006c0000000,0x00000006c52c1550,0x00000006c8e80000)
 Metaspace       used 6678K, capacity 7320K, committed 7680K, reserved 1056768K
  class space    used 634K, capacity 656K, committed 768K, reserved 1048576K

