# JRE version: Java(TM) SE Runtime Environment (8.0_121-b13) (build 1.8.0_121-b13)
# Java VM: Java HotSpot(TM) 64-Bit Server VM (25.121-b13 mixed mode linux-amd64 compressed oops)
Heap:
 PSYoungGen      total 548352K, used 66376K [0x000000076ab00000, 0x0000000793580000, 0x00000007c0000000)
  eden space 456192K, 0% used [0x000000076ab00000,0x000000076ab00000,0x0000000786880000)
  from space 92160K, 72% used [0x0000000786880000,0x000000078a9523d0,0x000000078c280000)
  to   space 70656K, 0% used [0x000000078c280000,0x000000078c280000,0x0000000790780000)
 ParOldGen       total 267776K, used 212260K [0x00000006c0000000, 0x00000006d0580000, 0x000000076ab00000)
  object space 267776K, 79% used [0x00000006c0000000,0x00000006ccf49210,0x00000006d0580000)
 Metaspace       used 6719K, capacity 7320K, committed 7680K, reserved 1056768K
  class space    used 634K, capacity 656K, committed 768K, reserved 1048576K
GC Heap History (10 events):
Event: 3.233 GC heap after
Heap after GC invocations=10 (full 0):
 PSYoungGen      total 430592K, used 49671K [0x000000076ab00000, 0x0000000789b00000, 0x00000007c0000000)
  eden space 374784K, 0% used [0x000000076ab00000,0x000000076ab00000,0x0000000781900000)
  from space 55808K, 89% used [0x0000000785680000,0x0000000788701d48,0x0000000788d00000)
  to   space 62976K, 0% used [0x0000000781900000,0x0000000781900000,0x0000000785680000)
 ParOldGen       total 84992K, used 75293K [0x00000006c0000000, 0x00000006c5300000, 0x000000076ab00000)
  object space 84992K, 88% used [0x00000006c0000000,0x00000006c4987768,0x00000006c5300000)
 Metaspace       used 6629K, capacity 7256K, committed 7424K, reserved 1056768K
  class space    used 632K, capacity 656K, committed 768K, reserved 1048576K
}
Event: 3.233 GC heap before
{Heap before GC invocations=11 (full 1):
 PSYoungGen      total 430592K, used 49671K [0x000000076ab00000, 0x0000000789b00000, 0x00000007c0000000)
  eden space 374784K, 0% used [0x000000076ab00000,0x000000076ab00000,0x0000000781900000)
  from space 55808K, 89% used [0x0000000785680000,0x0000000788701d48,0x0000000788d00000)
  to   space 62976K, 0% used [0x0000000781900000,0x0000000781900000,0x0000000785680000)
 ParOldGen       total 84992K, used 75293K [0x00000006c0000000, 0x00000006c5300000, 0x000000076ab00000)
  object space 84992K, 88% used [0x00000006c0000000,0x00000006c4987768,0x00000006c5300000)
 Metaspace       used 6629K, capacity 7256K, committed 7424K, reserved 1056768K
  class space    used 632K, capacity 656K, committed 768K, reserved 1048576K
Event: 3.708 GC heap after
Heap after GC invocations=11 (full 1):
 PSYoungGen      total 430592K, used 34539K [0x000000076ab00000, 0x0000000789b00000, 0x00000007c0000000)
  eden space 374784K, 0% used [0x000000076ab00000,0x000000076ab00000,0x0000000781900000)
  from space 55808K, 61% used [0x0000000785680000,0x000000078783ad18,0x0000000788d00000)
  to   space 62976K, 0% used [0x0000000781900000,0x0000000781900000,0x0000000785680000)
 ParOldGen       total 155648K, used 84743K [0x00000006c0000000, 0x00000006c9800000, 0x000000076ab00000)
  object space 155648K, 54% used [0x00000006c0000000,0x00000006c52c1e40,0x00000006c9800000)
 Metaspace       used 6629K, capacity 7256K, committed 7424K, reserved 1056768K
  class space    used 632K, capacity 656K, committed 768K, reserved 1048576K
}
Event: 4.737 GC heap before
{Heap before GC invocations=12 (full 1):
 PSYoungGen      total 430592K, used 409323K [0x000000076ab00000, 0x0000000789b00000, 0x00000007c0000000)
  eden space 374784K, 100% used [0x000000076ab00000,0x0000000781900000,0x0000000781900000)
  from space 55808K, 61% used [0x0000000785680000,0x000000078783ad18,0x0000000788d00000)
  to   space 62976K, 0% used [0x0000000781900000,0x0000000781900000,0x0000000785680000)
 ParOldGen       total 155648K, used 84743K [0x00000006c0000000, 0x00000006c9800000, 0x000000076ab00000)
  object space 155648K, 54% used [0x00000006c0000000,0x00000006c52c1e40,0x00000006c9800000)
 Metaspace       used 6698K, capacity 7320K, committed 7680K, reserved 1056768K
  class space    used 634K, capacity 656K, committed 768K, reserved 1048576K
Event: 4.862 GC heap after
Heap after GC invocations=12 (full 1):
 PSYoungGen      total 437760K, used 53394K [0x000000076ab00000, 0x0000000790780000, 0x00000007c0000000)
  eden space 374784K, 0% used [0x000000076ab00000,0x000000076ab00000,0x0000000781900000)
  from space 62976K, 84% used [0x0000000781900000,0x0000000784d248f0,0x0000000785680000)
  to   space 70656K, 0% used [0x000000078c280000,0x000000078c280000,0x0000000790780000)
 ParOldGen       total 155648K, used 119016K [0x00000006c0000000, 0x00000006c9800000, 0x000000076ab00000)
  object space 155648K, 76% used [0x00000006c0000000,0x00000006c743a318,0x00000006c9800000)
 Metaspace       used 6698K, capacity 7320K, committed 7680K, reserved 1056768K
  class space    used 634K, capacity 656K, committed 768K, reserved 1048576K
}
Event: 5.725 GC heap before
{Heap before GC invocations=13 (full 1):
 PSYoungGen      total 437760K, used 428178K [0x000000076ab00000, 0x0000000790780000, 0x00000007c0000000)
  eden space 374784K, 100% used [0x000000076ab00000,0x0000000781900000,0x0000000781900000)
  from space 62976K, 84% used [0x0000000781900000,0x0000000784d248f0,0x0000000785680000)
  to   space 70656K, 0% used [0x000000078c280000,0x000000078c280000,0x0000000790780000)
 ParOldGen       total 155648K, used 119016K [0x00000006c0000000, 0x00000006c9800000, 0x000000076ab00000)
  object space 155648K, 76% used [0x00000006c0000000,0x00000006c743a318,0x00000006c9800000)
 Metaspace       used 6705K, capacity 7320K, committed 7680K, reserved 1056768K
  class space    used 634K, capacity 656K, committed 768K, reserved 1048576K
Event: 5.867 GC heap after
Heap after GC invocations=13 (full 1):
 PSYoungGen      total 526848K, used 70647K [0x000000076ab00000, 0x0000000793580000, 0x00000007c0000000)
  eden space 456192K, 0% used [0x000000076ab00000,0x000000076ab00000,0x0000000786880000)
  from space 70656K, 99% used [0x000000078c280000,0x000000079077df60,0x0000000790780000)
  to   space 92160K, 0% used [0x0000000786880000,0x0000000786880000,0x000000078c280000)
 ParOldGen       total 155648K, used 144481K [0x00000006c0000000, 0x00000006c9800000, 0x000000076ab00000)
  object space 155648K, 92% used [0x00000006c0000000,0x00000006c8d18740,0x00000006c9800000)
 Metaspace       used 6705K, capacity 7320K, committed 7680K, reserved 1056768K
  class space    used 634K, capacity 656K, committed 768K, reserved 1048576K
}
Event: 5.867 GC heap before
{Heap before GC invocations=14 (full 2):
 PSYoungGen      total 526848K, used 70647K [0x000000076ab00000, 0x0000000793580000, 0x00000007c0000000)
  eden space 456192K, 0% used [0x000000076ab00000,0x000000076ab00000,0x0000000786880000)
  from space 70656K, 99% used [0x000000078c280000,0x000000079077df60,0x0000000790780000)
  to   space 92160K, 0% used [0x0000000786880000,0x0000000786880000,0x000000078c280000)
 ParOldGen       total 155648K, used 144481K [0x00000006c0000000, 0x00000006c9800000, 0x000000076ab00000)
  object space 155648K, 92% used [0x00000006c0000000,0x00000006c8d18740,0x00000006c9800000)
 Metaspace       used 6705K, capacity 7320K, committed 7680K, reserved 1056768K
  class space    used 634K, capacity 656K, committed 768K, reserved 1048576K
Event: 6.464 GC heap after
Heap after GC invocations=14 (full 2):
 PSYoungGen      total 526848K, used 56145K [0x000000076ab00000, 0x0000000793580000, 0x00000007c0000000)
  eden space 456192K, 0% used [0x000000076ab00000,0x000000076ab00000,0x0000000786880000)
  from space 70656K, 79% used [0x000000078c280000,0x000000078f954558,0x0000000790780000)
  to   space 92160K, 0% used [0x0000000786880000,0x0000000786880000,0x000000078c280000)
 ParOldGen       total 267776K, used 155590K [0x00000006c0000000, 0x00000006d0580000, 0x000000076ab00000)
  object space 267776K, 58% used [0x00000006c0000000,0x00000006c97f1828,0x00000006d0580000)
 Metaspace       used 6705K, capacity 7320K, committed 7680K, reserved 1056768K
  class space    used 634K, capacity 656K, committed 768K, reserved 1048576K
}
Event: 7.432 GC heap before
{Heap before GC invocations=15 (full 2):
 PSYoungGen      total 526848K, used 512337K [0x000000076ab00000, 0x0000000793580000, 0x00000007c0000000)
  eden space 456192K, 100% used [0x000000076ab00000,0x0000000786880000,0x0000000786880000)
  from space 70656K, 79% used [0x000000078c280000,0x000000078f954558,0x0000000790780000)
  to   space 92160K, 0% used [0x0000000786880000,0x0000000786880000,0x000000078c280000)
 ParOldGen       total 267776K, used 155590K [0x00000006c0000000, 0x00000006d0580000, 0x000000076ab00000)
  object space 267776K, 58% used [0x00000006c0000000,0x00000006c97f1828,0x00000006d0580000)
 Metaspace       used 6719K, capacity 7320K, committed 7680K, reserved 1056768K
  class space    used 634K, capacity 656K, committed 768K, reserved 1048576K

